<?xml version="1.0" encoding="UTF-8"?>
<testng-results ignored="0" total="2" passed="2" failed="0" skipped="0">
  <reporter-output>
  </reporter-output>
  <suite started-at="2026-03-20T15:04:42 GMT" name="Default suite" finished-at="2026-03-20T15:04:51 GMT" duration-ms="8573">
    <groups>
    </groups>
    <test started-at="2026-03-20T15:04:42 GMT" name="Default test" finished-at="2026-03-20T15:04:51 GMT" duration-ms="8573">
      <class name="tests.LoginTest">
        <test-method is-config="true" signature="setup()[pri:0, instance:tests.LoginTest@2d710f1a]" started-at="2026-03-20T15:04:42 GMT" name="setup" finished-at="2026-03-20T15:04:46 GMT" duration-ms="4406" status="PASS">
          <reporter-output>
          </reporter-output>
        </test-method> <!-- setup -->
        <test-method signature="invalidLoginTest()[pri:0, instance:tests.LoginTest@2d710f1a]" started-at="2026-03-20T15:04:46 GMT" name="invalidLoginTest" finished-at="2026-03-20T15:04:47 GMT" duration-ms="978" status="PASS">
          <reporter-output>
          </reporter-output>
        </test-method> <!-- invalidLoginTest -->
        <test-method is-config="true" signature="tearDown()[pri:0, instance:tests.LoginTest@2d710f1a]" started-at="2026-03-20T15:04:47 GMT" name="tearDown" finished-at="2026-03-20T15:04:48 GMT" duration-ms="406" status="PASS">
          <reporter-output>
          </reporter-output>
        </test-method> <!-- tearDown -->
        <test-method is-config="true" signature="setup()[pri:0, instance:tests.LoginTest@2d710f1a]" started-at="2026-03-20T15:04:48 GMT" name="setup" finished-at="2026-03-20T15:04:50 GMT" duration-ms="1921" status="PASS">
          <reporter-output>
          </reporter-output>
        </test-method> <!-- setup -->
        <test-method signature="validLoginTest()[pri:0, instance:tests.LoginTest@2d710f1a]" started-at="2026-03-20T15:04:50 GMT" name="validLoginTest" finished-at="2026-03-20T15:04:50 GMT" duration-ms="497" status="PASS">
          <reporter-output>
          </reporter-output>
        </test-method> <!-- validLoginTest -->
        <test-method is-config="true" signature="tearDown()[pri:0, instance:tests.LoginTest@2d710f1a]" started-at="2026-03-20T15:04:50 GMT" name="tearDown" finished-at="2026-03-20T15:04:51 GMT" duration-ms="279" status="PASS">
          <reporter-output>
          </reporter-output>
        </test-method> <!-- tearDown -->
      </class> <!-- tests.LoginTest -->
    </test> <!-- Default test -->
  </suite> <!-- Default suite -->
</testng-results>
